{
  "RSpec": {
    "coverage": {
      "/Users/wanderse/projects/quenzars_grids/spec/controllers/games_controller_spec.rb": [
        1,
        null,
        1,
        16,
        null,
        1,
        1,
        1,
        2,
        null,
        2,
        2,
        null,
        null,
        null,
        1,
        3,
        1,
        1,
        2,
        2,
        null,
        2,
        2,
        null,
        null,
        null,
        1,
        5,
        5,
        5,
        null,
        1,
        1,
        4,
        4,
        null,
        2,
        2,
        2,
        2,
        null,
        null,
        null,
        1,
        8,
        8,
        8,
        8,
        8,
        null,
        1,
        1,
        4,
        4,
        4,
        null,
        2,
        2,
        2,
        1,
        1,
        null,
        null,
        1,
        1,
        3,
        3,
        null,
        2,
        2,
        2,
        null,
        null,
        null
      ],
      "/Users/wanderse/projects/quenzars_grids/spec/rails_helper.rb": [
        null,
        1,
        1,
        null,
        1,
        1,
        1,
        null,
        null,
        null,
        null,
        null,
        null,
        null,
        null,
        null,
        null,
        null,
        null,
        null,
        null,
        null,
        2,
        null,
        null,
        null,
        1,
        null,
        1,
        null,
        1,
        null,
        null,
        null,
        null,
        1,
        null,
        null,
        null,
        null,
        null,
        null,
        null,
        null,
        null,
        null,
        null,
        null,
        null,
        null,
        1,
        null,
        null,
        1,
        null,
        null,
        null
      ],
      "/Users/wanderse/projects/quenzars_grids/config/environment.rb": [
        null,
        1,
        null,
        null,
        1
      ],
      "/Users/wanderse/projects/quenzars_grids/config/application.rb": [
        1,
        null,
        1,
        null,
        null,
        null,
        1,
        null,
        1,
        1,
        null,
        null,
        null,
        null,
        null,
        null,
        null,
        null,
        null,
        null,
        null,
        null,
        null,
        1,
        null,
        null,
        1,
        null,
        1,
        null,
        null,
        null
      ],
      "/Users/wanderse/projects/quenzars_grids/config/boot.rb": [
        1,
        null,
        1
      ],
      "/Users/wanderse/projects/quenzars_grids/config/environments/test.rb": [
        1,
        null,
        null,
        null,
        null,
        null,
        null,
        1,
        null,
        null,
        null,
        null,
        1,
        null,
        null,
        1,
        1,
        null,
        null,
        1,
        1,
        null,
        null,
        1,
        null,
        null,
        1,
        null,
        null,
        null,
        null,
        1,
        null,
        null,
        1,
        null,
        null,
        1,
        null,
        null,
        null,
        null
      ],
      "/Users/wanderse/projects/quenzars_grids/config/initializers/assets.rb": [
        null,
        null,
        null,
        1,
        null,
        null,
        null,
        null,
        null,
        null,
        null
      ],
      "/Users/wanderse/projects/quenzars_grids/config/initializers/backtrace_silencers.rb": [
        null,
        null,
        null,
        null,
        null,
        null,
        null
      ],
      "/Users/wanderse/projects/quenzars_grids/config/initializers/cookies_serializer.rb": [
        null,
        null,
        1
      ],
      "/Users/wanderse/projects/quenzars_grids/config/initializers/devise.rb": [
        null,
        null,
        1,
        null,
        null,
        null,
        null,
        null,
        null,
        null,
        null,
        null,
        null,
        null,
        1,
        null,
        null,
        null,
        null,
        null,
        null,
        null,
        null,
        1,
        null,
        null,
        null,
        null,
        null,
        null,
        null,
        null,
        null,
        null,
        null,
        null,
        null,
        null,
        null,
        null,
        null,
        null,
        null,
        null,
        null,
        1,
        null,
        null,
        null,
        null,
        1,
        null,
        null,
        null,
        null,
        null,
        null,
        null,
        null,
        null,
        null,
        null,
        null,
        null,
        null,
        null,
        null,
        null,
        null,
        null,
        null,
        null,
        null,
        null,
        null,
        null,
        null,
        null,
        null,
        null,
        null,
        1,
        null,
        null,
        null,
        null,
        null,
        null,
        null,
        null,
        null,
        null,
        null,
        null,
        null,
        null,
        null,
        null,
        1,
        null,
        null,
        null,
        null,
        null,
        null,
        null,
        null,
        null,
        null,
        null,
        null,
        null,
        null,
        null,
        null,
        null,
        null,
        null,
        null,
        null,
        null,
        null,
        null,
        null,
        null,
        null,
        1,
        null,
        null,
        null,
        null,
        null,
        null,
        null,
        null,
        null,
        1,
        null,
        null,
        null,
        null,
        null,
        null,
        null,
        null,
        null,
        null,
        1,
        null,
        null,
        null,
        null,
        null,
        null,
        null,
        null,
        null,
        null,
        null,
        null,
        null,
        null,
        null,
        null,
        null,
        null,
        null,
        null,
        null,
        null,
        null,
        null,
        null,
        null,
        null,
        null,
        null,
        null,
        null,
        null,
        null,
        null,
        null,
        null,
        null,
        null,
        null,
        null,
        null,
        null,
        null,
        null,
        null,
        1,
        null,
        null,
        null,
        null,
        null,
        null,
        null,
        null,
        null,
        null,
        null,
        null,
        null,
        null,
        null,
        null,
        null,
        null,
        null,
        null,
        null,
        null,
        null,
        null,
        null,
        null,
        null,
        null,
        null,
        null,
        null,
        null,
        null,
        null,
        null,
        null,
        null,
        null,
        null,
        null,
        null,
        1,
        null,
        null,
        null,
        null,
        null,
        null,
        null,
        null,
        null,
        null,
        null,
        null,
        null,
        null,
        null,
        null,
        null,
        null,
        null,
        null,
        null,
        null,
        null,
        null,
        null,
        null,
        null,
        null,
        null
      ],
      "/Users/wanderse/projects/quenzars_grids/config/initializers/filter_parameter_logging.rb": [
        null,
        null,
        null,
        1
      ],
      "/Users/wanderse/projects/quenzars_grids/config/initializers/inflections.rb": [
        null,
        null,
        null,
        null,
        null,
        null,
        null,
        null,
        null,
        null,
        null,
        null,
        null,
        null,
        null,
        null
      ],
      "/Users/wanderse/projects/quenzars_grids/config/initializers/mime_types.rb": [
        null,
        null,
        null,
        null
      ],
      "/Users/wanderse/projects/quenzars_grids/config/initializers/session_store.rb": [
        null,
        null,
        1
      ],
      "/Users/wanderse/projects/quenzars_grids/config/initializers/wrap_parameters.rb": [
        null,
        null,
        null,
        null,
        null,
        null,
        1,
        1,
        null,
        null,
        null,
        null,
        null,
        null
      ],
      "/Users/wanderse/projects/quenzars_grids/spec/factories/boxes.rb": [
        1,
        1,
        1,
        1,
        null,
        null,
        null
      ],
      "/Users/wanderse/projects/quenzars_grids/spec/factories/descriptions.rb": [
        1,
        1,
        1,
        1,
        1,
        1,
        null,
        null
      ],
      "/Users/wanderse/projects/quenzars_grids/spec/factories/games.rb": [
        1,
        1,
        null,
        null,
        null,
        null,
        null
      ],
      "/Users/wanderse/projects/quenzars_grids/spec/factories/grids.rb": [
        1,
        1,
        1,
        1,
        1,
        43,
        129,
        387,
        null,
        null,
        null,
        null,
        null
      ],
      "/Users/wanderse/projects/quenzars_grids/spec/factories/items.rb": [
        1,
        1,
        null,
        null,
        null
      ],
      "/Users/wanderse/projects/quenzars_grids/spec/factories/npcs.rb": [
        1,
        1,
        1,
        null,
        null,
        null,
        null
      ],
      "/Users/wanderse/projects/quenzars_grids/spec/factories/players.rb": [
        1,
        1,
        1,
        41,
        null,
        null,
        null
      ],
      "/Users/wanderse/projects/quenzars_grids/spec/factories/stats.rb": [
        1,
        1,
        1,
        1,
        1,
        1,
        null,
        null
      ],
      "/Users/wanderse/projects/quenzars_grids/spec/factories/users.rb": [
        1,
        1,
        1,
        1,
        null,
        null
      ],
      "/Users/wanderse/projects/quenzars_grids/config/routes.rb": [
        1,
        1,
        null,
        1,
        null,
        1,
        null
      ],
      "/Users/wanderse/projects/quenzars_grids/app/models/user.rb": [
        1,
        null,
        null,
        1,
        null,
        null,
        1,
        null
      ],
      "/Users/wanderse/projects/quenzars_grids/app/helpers/application_helper.rb": [
        1,
        null
      ],
      "/Users/wanderse/projects/quenzars_grids/app/helpers/games_helper.rb": [
        1,
        null
      ],
      "/Users/wanderse/projects/quenzars_grids/app/helpers/index_helper.rb": [
        1,
        null
      ],
      "/Users/wanderse/projects/quenzars_grids/spec/support/devise.rb": [
        1,
        1,
        1,
        1,
        null,
        1,
        84,
        null,
        null
      ],
      "/Users/wanderse/projects/quenzars_grids/app/controllers/games_controller.rb": [
        1,
        1,
        null,
        1,
        2,
        null,
        null,
        null,
        1,
        null,
        2,
        null,
        null,
        2,
        2,
        null,
        null,
        2,
        20,
        null,
        null,
        null,
        2,
        20,
        null,
        null,
        null,
        2,
        2,
        null,
        null,
        null,
        null,
        null,
        null,
        2,
        null,
        null,
        2,
        null,
        null,
        1,
        4,
        4,
        null,
        null,
        null,
        1,
        7,
        7,
        7,
        null,
        7,
        3,
        null,
        4,
        null,
        null,
        null,
        7,
        null,
        null,
        7,
        null,
        null,
        7,
        null,
        null,
        7,
        null,
        null,
        7,
        null,
        null,
        7,
        null,
        null,
        1,
        2,
        null,
        null,
        1,
        null,
        1,
        7,
        null,
        null
      ],
      "/Users/wanderse/projects/quenzars_grids/app/controllers/application_controller.rb": [
        1,
        null,
        null,
        1,
        null
      ],
      "/Users/wanderse/projects/quenzars_grids/spec/controllers/index_controller_spec.rb": [
        1,
        null,
        1,
        null,
        null
      ],
      "/Users/wanderse/projects/quenzars_grids/app/controllers/index_controller.rb": [
        1,
        1,
        null,
        null
      ],
      "/Users/wanderse/projects/quenzars_grids/spec/models/box_spec.rb": [
        1,
        null,
        1,
        1,
        4,
        1,
        1,
        1,
        1,
        null,
        null,
        1,
        1,
        1,
        1,
        null,
        null,
        1,
        1,
        1,
        1,
        null,
        null,
        null,
        null,
        1,
        2,
        2,
        2,
        1,
        1,
        1,
        null,
        null,
        null,
        1,
        3,
        3,
        1,
        2,
        2,
        null,
        1,
        2,
        null,
        null,
        null,
        1,
        3,
        3,
        1,
        2,
        2,
        null,
        1,
        2,
        null,
        null,
        null,
        1,
        6,
        6,
        6,
        6,
        1,
        2,
        null,
        1,
        1,
        1,
        1,
        1,
        null,
        2,
        null,
        1,
        1,
        1,
        1,
        1,
        null,
        2,
        null,
        1,
        1,
        1,
        1,
        null,
        2,
        null,
        1,
        1,
        1,
        null,
        2,
        null,
        null,
        null
      ],
      "/Users/wanderse/projects/quenzars_grids/app/models/box.rb": [
        1,
        1,
        1,
        null,
        1,
        null,
        1,
        1,
        null,
        1,
        985,
        985,
        985,
        985,
        985,
        null,
        985,
        null,
        null,
        1,
        88,
        null,
        null,
        1,
        43,
        null,
        null,
        1,
        31,
        null,
        null,
        1,
        5,
        1,
        4,
        1,
        3,
        1,
        2,
        1,
        null,
        1,
        null,
        null,
        null,
        1,
        11,
        11,
        null,
        11,
        null,
        7,
        null,
        1,
        null,
        2,
        null,
        1,
        null,
        null,
        null,
        11,
        null,
        null,
        1,
        null,
        1,
        982,
        null,
        null,
        1,
        982,
        982,
        null,
        null
      ],
      "/Users/wanderse/projects/quenzars_grids/spec/models/description_spec.rb": [
        1,
        null,
        1,
        1,
        1,
        1,
        8,
        8,
        null,
        null,
        1,
        1,
        8,
        8,
        null,
        null,
        1,
        1,
        4,
        4,
        null,
        null,
        null,
        null,
        1,
        4,
        4,
        4,
        4,
        null,
        1,
        2,
        null,
        1,
        1,
        1,
        1,
        null,
        null,
        1,
        1,
        1,
        1,
        null,
        null,
        null,
        null
      ],
      "/Users/wanderse/projects/quenzars_grids/app/models/description.rb": [
        1,
        1,
        1,
        1,
        null,
        1,
        3,
        2,
        1,
        null,
        null,
        1,
        1084,
        1084,
        null,
        null,
        1,
        1084,
        1084,
        null,
        null
      ],
      "/Users/wanderse/projects/quenzars_grids/spec/models/engine_spec.rb": [
        1,
        null,
        1,
        1,
        2,
        null,
        null,
        1,
        2,
        null,
        null,
        1,
        2,
        null,
        null
      ],
      "/Users/wanderse/projects/quenzars_grids/app/models/engine.rb": [
        1,
        1,
        null,
        1,
        1,
        1,
        null,
        null
      ],
      "/Users/wanderse/projects/quenzars_grids/spec/models/game_spec.rb": [
        1,
        null,
        1,
        1,
        null
      ],
      "/Users/wanderse/projects/quenzars_grids/app/models/game.rb": [
        1,
        1,
        1,
        null,
        1,
        null
      ],
      "/Users/wanderse/projects/quenzars_grids/spec/models/grid_spec.rb": [
        1,
        null,
        1,
        3,
        1,
        1,
        1,
        null,
        1,
        null,
        null,
        1,
        1,
        null,
        null,
        null
      ],
      "/Users/wanderse/projects/quenzars_grids/app/models/grid.rb": [
        1,
        1,
        1,
        1,
        1,
        null,
        1,
        null,
        1,
        76,
        null,
        null,
        null,
        null,
        null,
        null,
        1,
        2,
        null,
        null,
        1,
        null,
        1,
        45,
        149,
        587,
        null,
        null,
        null,
        null
      ],
      "/Users/wanderse/projects/quenzars_grids/spec/models/item_spec.rb": [
        1,
        null,
        1,
        1,
        null
      ],
      "/Users/wanderse/projects/quenzars_grids/app/models/item.rb": [
        1,
        1,
        1,
        1,
        1,
        1,
        null,
        1,
        1,
        null,
        1,
        20,
        null,
        null,
        1,
        null,
        1,
        32,
        32,
        32,
        32,
        null,
        null,
        1,
        32,
        20,
        20,
        20,
        20,
        null,
        null
      ],
      "/Users/wanderse/projects/quenzars_grids/spec/models/npc_spec.rb": [
        1,
        null,
        1,
        3,
        2,
        null,
        1,
        2,
        null,
        null,
        1,
        2,
        2,
        null,
        null
      ],
      "/Users/wanderse/projects/quenzars_grids/app/models/npc.rb": [
        1,
        1,
        1,
        1,
        null,
        1,
        null,
        1,
        1,
        null,
        1,
        1,
        1,
        null,
        null,
        1,
        6,
        null,
        null,
        1,
        null,
        1,
        50,
        50,
        50,
        50,
        null,
        null,
        1,
        50,
        21,
        21,
        21,
        null,
        null
      ],
      "/Users/wanderse/projects/quenzars_grids/spec/models/player_spec.rb": [
        1,
        null,
        1,
        8,
        null,
        1,
        2,
        2,
        1,
        1,
        null,
        null,
        null,
        1,
        5,
        5,
        5,
        null,
        1,
        4,
        null,
        null,
        1,
        1,
        1,
        1,
        1,
        null,
        null,
        1,
        1,
        1,
        1,
        1,
        null,
        null,
        1,
        1,
        1,
        1,
        1,
        null,
        null,
        1,
        1,
        1,
        1,
        1,
        null,
        null,
        null,
        null,
        1,
        2,
        2,
        2,
        null,
        1,
        1,
        1,
        1,
        null,
        null,
        null,
        null,
        1,
        2,
        2,
        1,
        1,
        1,
        null,
        null,
        null,
        1,
        2,
        2,
        2,
        1,
        1,
        1,
        1,
        null,
        null,
        null,
        1,
        2,
        2,
        2,
        2,
        null,
        null
      ],
      "/Users/wanderse/projects/quenzars_grids/app/models/player.rb": [
        1,
        1,
        null,
        1,
        null,
        1,
        null,
        1,
        null,
        1,
        2,
        null,
        null,
        1,
        3,
        null,
        null,
        1,
        7,
        null,
        null,
        1,
        11,
        11,
        null,
        null,
        1,
        179,
        null,
        null,
        1,
        1,
        1,
        null,
        null,
        null,
        1,
        7,
        null,
        null,
        1,
        null,
        1,
        104,
        null,
        null
      ],
      "/Users/wanderse/projects/quenzars_grids/spec/models/simple_engine_spec.rb": [
        1,
        null,
        1,
        17,
        17,
        17,
        17,
        null,
        1,
        16,
        null,
        null,
        1,
        2,
        null,
        null,
        null,
        null,
        null,
        null,
        null,
        null,
        null,
        null,
        null,
        null,
        null,
        null,
        null,
        null,
        null,
        null,
        null,
        null,
        1,
        1,
        1,
        1,
        1,
        null,
        1,
        1,
        1,
        1,
        null,
        null,
        null,
        1,
        1,
        9,
        9,
        9,
        9,
        null,
        null,
        null,
        null,
        1,
        2,
        2,
        2,
        1,
        1,
        1,
        null,
        null,
        null,
        1,
        2,
        2,
        2,
        1,
        1,
        1,
        null,
        null,
        null,
        1,
        2,
        2,
        2,
        1,
        1,
        1,
        null,
        null,
        null,
        1,
        2,
        2,
        1,
        1,
        null,
        null,
        1,
        null,
        null,
        1,
        1,
        1,
        null,
        null,
        null
      ],
      "/Users/wanderse/projects/quenzars_grids/app/models/simple_engine.rb": [
        null,
        1,
        1,
        null,
        1,
        null,
        null,
        1,
        null,
        3,
        3,
        null,
        null,
        3,
        3,
        null,
        null,
        0,
        null,
        null,
        null,
        1,
        null,
        6,
        6,
        6,
        null,
        null,
        1,
        null,
        null,
        15,
        15,
        null,
        null,
        null,
        null,
        3,
        12,
        7,
        null,
        5,
        null,
        null,
        null,
        1,
        1,
        1,
        1,
        null,
        null,
        1,
        null,
        1,
        16,
        null,
        null,
        1,
        6,
        null,
        null,
        1,
        6,
        null,
        null,
        1,
        1,
        1,
        2,
        null,
        1,
        null,
        null,
        1,
        7,
        7,
        2,
        null,
        7,
        null,
        null,
        1,
        7,
        7,
        2,
        null,
        7,
        null,
        null
      ],
      "/Users/wanderse/projects/quenzars_grids/spec/models/stat_spec.rb": [
        1,
        null,
        1,
        3,
        1,
        1,
        1,
        1,
        null,
        1,
        1,
        1,
        null,
        null,
        null
      ],
      "/Users/wanderse/projects/quenzars_grids/app/models/stat.rb": [
        1,
        1,
        1,
        1,
        null,
        1,
        13,
        null,
        null
      ]
    },
    "timestamp": 1455396072
  }
}
