{
  "RSpec": {
    "coverage": {
      "/Users/wanderse/projects/gridquest/spec/controllers/games_controller_spec.rb": [
        1,
        null,
        1,
        40,
        null,
        1,
        1,
        1,
        2,
        null,
        2,
        2,
        null,
        null,
        null,
        1,
        3,
        null,
        1,
        1,
        2,
        2,
        null,
        2,
        2,
        null,
        null,
        null,
        1,
        1,
        10,
        10,
        10,
        10,
        null,
        11,
        11,
        null,
        1,
        1,
        4,
        4,
        null,
        2,
        2,
        2,
        2,
        null,
        1,
        1,
        3,
        3,
        3,
        3,
        null,
        2,
        2,
        2,
        null,
        1,
        1,
        3,
        3,
        3,
        null,
        2,
        2,
        2,
        null,
        null,
        null,
        1,
        1,
        4,
        4,
        4,
        4,
        null,
        5,
        5,
        null,
        1,
        1,
        4,
        4,
        4,
        4,
        null,
        2,
        2,
        2,
        2,
        null,
        null,
        null,
        1,
        1,
        4,
        4,
        4,
        4,
        null,
        5,
        5,
        null,
        1,
        1,
        4,
        4,
        4,
        null,
        2,
        2,
        2,
        2,
        null,
        null,
        null,
        1,
        1,
        17,
        17,
        17,
        0,
        null,
        1,
        1,
        1,
        1,
        null,
        1,
        1,
        0,
        0,
        0,
        null,
        1,
        1,
        1,
        1,
        0,
        null,
        null,
        1,
        1,
        1,
        1,
        0,
        0,
        0,
        0,
        null,
        1,
        1,
        1,
        1,
        null,
        1,
        1,
        1,
        0,
        0,
        null,
        1,
        1,
        1,
        1,
        1,
        null,
        1,
        1,
        1,
        0,
        0,
        0,
        null,
        1,
        1,
        1,
        1,
        null,
        null,
        null
      ],
      "/Users/wanderse/projects/gridquest/spec/rails_helper.rb": [
        null,
        1,
        1,
        null,
        1,
        1,
        1,
        null,
        null,
        null,
        null,
        null,
        null,
        null,
        null,
        null,
        null,
        null,
        null,
        null,
        null,
        null,
        2,
        null,
        null,
        null,
        1,
        null,
        1,
        null,
        1,
        null,
        null,
        null,
        null,
        1,
        null,
        null,
        null,
        null,
        null,
        null,
        null,
        null,
        null,
        null,
        null,
        null,
        null,
        null,
        1,
        null,
        null,
        1,
        null,
        null,
        null
      ],
      "/Users/wanderse/projects/gridquest/config/environment.rb": [
        null,
        1,
        null,
        null,
        1
      ],
      "/Users/wanderse/projects/gridquest/config/application.rb": [
        1,
        null,
        1,
        null,
        null,
        null,
        1,
        null,
        1,
        1,
        null,
        null,
        null,
        null,
        null,
        null,
        null,
        null,
        null,
        null,
        null,
        null,
        null,
        1,
        null,
        null,
        1,
        null,
        1,
        null,
        null,
        null
      ],
      "/Users/wanderse/projects/gridquest/config/boot.rb": [
        1,
        null,
        1
      ],
      "/Users/wanderse/projects/gridquest/config/environments/test.rb": [
        1,
        null,
        null,
        null,
        null,
        null,
        null,
        1,
        null,
        null,
        null,
        null,
        1,
        null,
        null,
        1,
        1,
        null,
        null,
        1,
        1,
        null,
        null,
        1,
        null,
        null,
        1,
        null,
        null,
        null,
        null,
        1,
        null,
        null,
        1,
        null,
        null,
        1,
        null,
        null,
        null,
        null
      ],
      "/Users/wanderse/projects/gridquest/config/initializers/assets.rb": [
        null,
        null,
        null,
        1,
        null,
        null,
        null,
        null,
        null,
        null,
        null
      ],
      "/Users/wanderse/projects/gridquest/config/initializers/backtrace_silencers.rb": [
        null,
        null,
        null,
        null,
        null,
        null,
        null
      ],
      "/Users/wanderse/projects/gridquest/config/initializers/cookies_serializer.rb": [
        null,
        null,
        1
      ],
      "/Users/wanderse/projects/gridquest/config/initializers/devise.rb": [
        null,
        null,
        1,
        null,
        null,
        null,
        null,
        null,
        null,
        null,
        null,
        null,
        null,
        null,
        1,
        null,
        null,
        null,
        null,
        null,
        null,
        null,
        null,
        1,
        null,
        null,
        null,
        null,
        null,
        null,
        null,
        null,
        null,
        null,
        null,
        null,
        null,
        null,
        null,
        null,
        null,
        null,
        null,
        null,
        null,
        1,
        null,
        null,
        null,
        null,
        1,
        null,
        null,
        null,
        null,
        null,
        null,
        null,
        null,
        null,
        null,
        null,
        null,
        null,
        null,
        null,
        null,
        null,
        null,
        null,
        null,
        null,
        null,
        null,
        null,
        null,
        null,
        null,
        null,
        null,
        null,
        1,
        null,
        null,
        null,
        null,
        null,
        null,
        null,
        null,
        null,
        null,
        null,
        null,
        null,
        null,
        null,
        null,
        1,
        null,
        null,
        null,
        null,
        null,
        null,
        null,
        null,
        null,
        null,
        null,
        null,
        null,
        null,
        null,
        null,
        null,
        null,
        null,
        null,
        null,
        null,
        null,
        null,
        null,
        null,
        null,
        1,
        null,
        null,
        null,
        null,
        null,
        null,
        null,
        null,
        null,
        1,
        null,
        null,
        null,
        null,
        null,
        null,
        null,
        null,
        null,
        null,
        1,
        null,
        null,
        null,
        null,
        null,
        null,
        null,
        null,
        null,
        null,
        null,
        null,
        null,
        null,
        null,
        null,
        null,
        null,
        null,
        null,
        null,
        null,
        null,
        null,
        null,
        null,
        null,
        null,
        null,
        null,
        null,
        null,
        null,
        null,
        null,
        null,
        null,
        null,
        null,
        null,
        null,
        null,
        null,
        null,
        null,
        1,
        null,
        null,
        null,
        null,
        null,
        null,
        null,
        null,
        null,
        null,
        null,
        null,
        null,
        null,
        null,
        null,
        null,
        null,
        null,
        null,
        null,
        null,
        null,
        null,
        null,
        null,
        null,
        null,
        null,
        null,
        null,
        null,
        null,
        null,
        null,
        null,
        null,
        null,
        null,
        null,
        null,
        1,
        null,
        null,
        null,
        null,
        null,
        null,
        null,
        null,
        null,
        null,
        null,
        null,
        null,
        null,
        null,
        null,
        null,
        null,
        null,
        null,
        null,
        null,
        null,
        null,
        null,
        null,
        null,
        null,
        null
      ],
      "/Users/wanderse/projects/gridquest/config/initializers/filter_parameter_logging.rb": [
        null,
        null,
        null,
        1
      ],
      "/Users/wanderse/projects/gridquest/config/initializers/inflections.rb": [
        null,
        null,
        null,
        null,
        null,
        null,
        null,
        null,
        null,
        null,
        null,
        null,
        null,
        null,
        null,
        null
      ],
      "/Users/wanderse/projects/gridquest/config/initializers/mime_types.rb": [
        null,
        null,
        null,
        null
      ],
      "/Users/wanderse/projects/gridquest/config/initializers/session_store.rb": [
        null,
        null,
        1
      ],
      "/Users/wanderse/projects/gridquest/config/initializers/wrap_parameters.rb": [
        null,
        null,
        null,
        null,
        null,
        null,
        1,
        1,
        null,
        null,
        null,
        null,
        null,
        null
      ],
      "/Users/wanderse/projects/gridquest/spec/factories/boxes.rb": [
        1,
        1,
        1,
        1,
        null,
        null,
        null
      ],
      "/Users/wanderse/projects/gridquest/spec/factories/descriptions.rb": [
        1,
        1,
        1,
        1,
        1,
        1,
        null,
        null
      ],
      "/Users/wanderse/projects/gridquest/spec/factories/games.rb": [
        1,
        1,
        null,
        null,
        null,
        null,
        null
      ],
      "/Users/wanderse/projects/gridquest/spec/factories/grids.rb": [
        1,
        1,
        1,
        1,
        null,
        null
      ],
      "/Users/wanderse/projects/gridquest/spec/factories/items.rb": [
        1,
        1,
        null,
        null,
        null
      ],
      "/Users/wanderse/projects/gridquest/spec/factories/meta.rb": [
        1,
        1,
        null,
        null,
        null
      ],
      "/Users/wanderse/projects/gridquest/spec/factories/notes.rb": [
        1,
        1,
        1,
        null,
        null
      ],
      "/Users/wanderse/projects/gridquest/spec/factories/npcs.rb": [
        1,
        1,
        null,
        null
      ],
      "/Users/wanderse/projects/gridquest/spec/factories/players.rb": [
        1,
        1,
        1,
        18,
        null,
        null,
        null
      ],
      "/Users/wanderse/projects/gridquest/spec/factories/stats.rb": [
        1,
        1,
        1,
        1,
        1,
        1,
        null,
        null
      ],
      "/Users/wanderse/projects/gridquest/spec/factories/users.rb": [
        1,
        1,
        1,
        1,
        null,
        null
      ],
      "/Users/wanderse/projects/gridquest/config/routes.rb": [
        1,
        1,
        null,
        1,
        1,
        1,
        1,
        null,
        null,
        null,
        1,
        null,
        1,
        null
      ],
      "/Users/wanderse/projects/gridquest/app/models/user.rb": [
        1,
        null,
        null,
        1,
        null,
        null,
        1,
        1,
        null,
        1,
        null,
        1,
        0,
        null,
        null,
        null,
        null,
        null,
        null,
        null,
        null,
        null,
        null,
        null,
        null,
        1,
        0,
        null,
        null,
        1,
        null,
        1,
        39,
        null,
        null
      ],
      "/Users/wanderse/projects/gridquest/app/helpers/admin_helper.rb": [
        1,
        null
      ],
      "/Users/wanderse/projects/gridquest/app/helpers/application_helper.rb": [
        1,
        null
      ],
      "/Users/wanderse/projects/gridquest/app/helpers/games_helper.rb": [
        1,
        null
      ],
      "/Users/wanderse/projects/gridquest/app/helpers/index_helper.rb": [
        1,
        null
      ],
      "/Users/wanderse/projects/gridquest/spec/support/devise.rb": [
        1,
        1,
        1,
        1,
        null,
        1,
        39,
        null,
        null
      ],
      "/Users/wanderse/projects/gridquest/app/controllers/games_controller.rb": [
        1,
        1,
        null,
        1,
        2,
        null,
        null,
        1,
        2,
        2,
        null,
        2,
        null,
        null,
        1,
        10,
        10,
        null,
        10,
        7,
        null,
        null,
        null,
        1,
        0,
        0,
        0,
        0,
        null,
        0,
        null,
        null,
        0,
        0,
        0,
        0,
        null,
        null,
        0,
        null,
        null,
        1,
        4,
        4,
        4,
        4,
        null,
        null,
        1,
        4,
        4,
        4,
        4,
        null,
        null,
        1,
        null,
        null,
        1,
        null,
        2,
        null,
        2,
        2,
        2,
        null,
        2,
        2,
        null,
        null,
        null,
        2,
        2,
        null,
        null,
        null,
        null,
        null,
        2,
        null,
        2,
        2,
        2,
        null,
        null,
        null,
        2,
        null,
        null,
        2,
        null,
        2,
        null,
        null,
        1,
        0,
        0,
        0,
        0,
        0,
        0,
        0,
        0,
        0,
        0,
        0,
        0,
        0,
        0,
        null,
        null,
        null,
        null,
        null,
        1,
        0,
        null,
        null,
        1,
        2,
        null,
        null
      ],
      "/Users/wanderse/projects/gridquest/app/controllers/application_controller.rb": [
        1,
        null,
        null,
        1,
        null
      ],
      "/Users/wanderse/projects/gridquest/app/models/meta.rb": [
        1,
        1,
        null,
        1,
        2,
        null,
        null,
        1,
        0,
        null,
        null,
        1,
        0,
        null,
        null,
        1,
        0,
        null,
        null
      ],
      "/Users/wanderse/projects/gridquest/app/models/game.rb": [
        1,
        1,
        1,
        null,
        1,
        null,
        1,
        null,
        1,
        null,
        1,
        2,
        2,
        null,
        null,
        1,
        8,
        null,
        null,
        1,
        14,
        14,
        14,
        14,
        null,
        null,
        1,
        11,
        null,
        null,
        1,
        20,
        20,
        20,
        null,
        null,
        null,
        1,
        2,
        null,
        null,
        null,
        null,
        null,
        null,
        null,
        null,
        null,
        null,
        null,
        1,
        2,
        2,
        2,
        2,
        2,
        2,
        null,
        2,
        null,
        null
      ],
      "/Users/wanderse/projects/gridquest/app/models/grid.rb": [
        1,
        1,
        1,
        1,
        1,
        null,
        1,
        null,
        1,
        49,
        null,
        null,
        null,
        null,
        null,
        null,
        1,
        2,
        2,
        null,
        null,
        1,
        2,
        20,
        null,
        null,
        null,
        1,
        2,
        20,
        null,
        null,
        null,
        1,
        5,
        5,
        5,
        5,
        1,
        null,
        4,
        null,
        null,
        null,
        1,
        2,
        null,
        2,
        2,
        2,
        2,
        null,
        null,
        1,
        null,
        1,
        39,
        131,
        533,
        null,
        null,
        null,
        null
      ],
      "/Users/wanderse/projects/gridquest/app/models/box.rb": [
        1,
        1,
        1,
        null,
        1,
        null,
        1,
        1,
        null,
        1,
        533,
        533,
        533,
        533,
        533,
        null,
        533,
        null,
        null,
        1,
        5,
        null,
        null,
        1,
        7,
        null,
        null,
        1,
        5,
        null,
        null,
        1,
        65,
        null,
        null,
        1,
        7,
        null,
        null,
        1,
        64,
        null,
        null,
        1,
        27,
        null,
        null,
        1,
        0,
        null,
        null,
        1,
        0,
        null,
        null,
        1,
        0,
        0,
        0,
        0,
        0,
        0,
        0,
        0,
        0,
        0,
        null,
        0,
        null,
        null,
        null,
        1,
        0,
        0,
        null,
        0,
        null,
        0,
        null,
        0,
        null,
        0,
        null,
        0,
        null,
        null,
        null,
        0,
        null,
        null,
        1,
        0,
        0,
        0,
        0,
        null,
        0,
        0,
        0,
        0,
        null,
        0,
        0,
        0,
        0,
        null,
        0,
        null,
        null,
        1,
        null,
        1,
        533,
        null,
        null,
        1,
        533,
        533,
        null,
        null
      ],
      "/Users/wanderse/projects/gridquest/app/models/description.rb": [
        1,
        1,
        1,
        1,
        null,
        1,
        0,
        0,
        0,
        null,
        null,
        1,
        635,
        635,
        null,
        null,
        1,
        null,
        1,
        635,
        635,
        null,
        null
      ],
      "/Users/wanderse/projects/gridquest/app/models/npc.rb": [
        1,
        1,
        1,
        1,
        null,
        1,
        null,
        1,
        1,
        null,
        1,
        0,
        0,
        null,
        null,
        1,
        0,
        null,
        null,
        1,
        2,
        2,
        2,
        2,
        null,
        null,
        null,
        null,
        null,
        null,
        null,
        1,
        null,
        1,
        40,
        40,
        40,
        null,
        null,
        null,
        null,
        null,
        40,
        null,
        null,
        1,
        40,
        22,
        22,
        null,
        null
      ],
      "/Users/wanderse/projects/gridquest/app/models/stat.rb": [
        1,
        1,
        1,
        1,
        null,
        1,
        0,
        null,
        null,
        1,
        25,
        null,
        null
      ],
      "/Users/wanderse/projects/gridquest/app/models/item.rb": [
        1,
        1,
        1,
        1,
        1,
        1,
        null,
        1,
        1,
        null,
        1,
        0,
        null,
        null,
        1,
        22,
        null,
        null,
        1,
        2,
        2,
        2,
        null,
        null,
        1,
        null,
        1,
        22,
        22,
        22,
        22,
        null,
        null,
        1,
        22,
        22,
        22,
        22,
        null,
        null
      ],
      "/Users/wanderse/projects/gridquest/app/models/player.rb": [
        1,
        1,
        null,
        1,
        null,
        1,
        null,
        1,
        null,
        1,
        1,
        null,
        1,
        0,
        0,
        null,
        null,
        1,
        0,
        null,
        null,
        1,
        0,
        null,
        null,
        1,
        0,
        null,
        0,
        0,
        0,
        0,
        null,
        0,
        null,
        0,
        0,
        null,
        null,
        1,
        93,
        null,
        null,
        1,
        0,
        0,
        0,
        null,
        null,
        1,
        0,
        0,
        null,
        null,
        1,
        0,
        null,
        null,
        1,
        0,
        null,
        null,
        1,
        0,
        null,
        null,
        1,
        0,
        null,
        null,
        1,
        0,
        null,
        null,
        null,
        null,
        null,
        0,
        null,
        null,
        1,
        0,
        null,
        null,
        1,
        null,
        1,
        65,
        null,
        null
      ],
      "/Users/wanderse/projects/gridquest/app/models/note.rb": [
        1,
        1,
        null
      ]
    },
    "timestamp": 1456104334
  }
}
